This is pdfTeX, Version 3.14159265-2.6-1.40.16 (MiKTeX 2.9) (preloaded format=pdflatex 2015.9.4)  17 NOV 2015 20:36
entering extended mode
**Project_3.tex
(Project_3.tex
LaTeX2e <2015/01/01> patch level 2
Babel <3.9m> and hyphenation patterns for 69 languages loaded.
("C:\Program Files (x86)\MiKTeX 2.9\tex\latex\base\article.cls"
Document Class: article 2014/09/29 v1.4h Standard LaTeX document class
("C:\Program Files (x86)\MiKTeX 2.9\tex\latex\base\size10.clo"
File: size10.clo 2014/09/29 v1.4h Standard LaTeX file (size option)
)
\c@part=\count79
\c@section=\count80
\c@subsection=\count81
\c@subsubsection=\count82
\c@paragraph=\count83
\c@subparagraph=\count84
\c@figure=\count85
\c@table=\count86
\abovecaptionskip=\skip41
\belowcaptionskip=\skip42
\bibindent=\dimen102
)
("C:\Program Files (x86)\MiKTeX 2.9\tex\latex\psnfss\times.sty"
Package: times 2005/04/12 PSNFSS-v9.2a (SPQR) 
)
("C:\Program Files (x86)\MiKTeX 2.9\tex\latex\preprint\fullpage.sty"
Package: fullpage 1999/02/23 1.1 (PWD)
\FP@margin=\skip43
)
("C:\Users\Иванов\Dropbox\Innopolis Fall\Models\GroupWork\Lab3\build\Proj
ect_3.aux")
LaTeX Font Info:    Checking defaults for OML/cmm/m/it on input line 8.
LaTeX Font Info:    ... okay on input line 8.
LaTeX Font Info:    Checking defaults for T1/cmr/m/n on input line 8.
LaTeX Font Info:    ... okay on input line 8.
LaTeX Font Info:    Checking defaults for OT1/cmr/m/n on input line 8.
LaTeX Font Info:    ... okay on input line 8.
LaTeX Font Info:    Checking defaults for OMS/cmsy/m/n on input line 8.
LaTeX Font Info:    ... okay on input line 8.
LaTeX Font Info:    Checking defaults for OMX/cmex/m/n on input line 8.
LaTeX Font Info:    ... okay on input line 8.
LaTeX Font Info:    Checking defaults for U/cmr/m/n on input line 8.
LaTeX Font Info:    ... okay on input line 8.
LaTeX Font Info:    Try loading font information for OT1+ptm on input line 8.
 ("C:\Program Files (x86)\MiKTeX 2.9\tex\latex\psnfss\ot1ptm.fd"
File: ot1ptm.fd 2001/06/04 font definitions for OT1/ptm.
)
LaTeX Font Info:    Font shape `OT1/ptm/bx/n' in size <14.4> not available
(Font)              Font shape `OT1/ptm/b/n' tried instead on input line 16.
LaTeX Font Info:    Font shape `OT1/ptm/bx/n' in size <10> not available
(Font)              Font shape `OT1/ptm/b/n' tried instead on input line 17.
LaTeX Font Info:    Font shape `OT1/ptm/bx/n' in size <12> not available
(Font)              Font shape `OT1/ptm/b/n' tried instead on input line 38.
LaTeX Font Info:    Try loading font information for OT1+pcr on input line 66.

("C:\Program Files (x86)\MiKTeX 2.9\tex\latex\psnfss\ot1pcr.fd"
File: ot1pcr.fd 2001/06/04 font definitions for OT1/pcr.
)
Overfull \hbox (3.24501pt too wide) in paragraph at lines 79--79
 []\OT1/pcr/m/n/10 <line[i].setRate[j:MinRate..MaxRate], {turnOff, plugOffToEmp
tyBattery}>[] 
 []

[1

{C:/Users/Иванов/AppData/Local/MiKTeX/2.9/pdftex/config/pdftex.map}]
LaTeX Font Info:    External font `cmex10' loaded for size
(Font)              <7> on input line 109.
LaTeX Font Info:    External font `cmex10' loaded for size
(Font)              <5> on input line 109.

Overfull \hbox (34.05064pt too wide) in paragraph at lines 108--115
\OT1/ptm/m/n/10 1. If pump works from elec-tric-ity with empty bat-tery and ele
c-tric-ity fails by \OT1/ptm/b/n/10 Check it: $\OML/cmm/m/it/10 plugOffToEmptyB
attery$
 []


Overfull \hbox (9.24501pt too wide) in paragraph at lines 118--118
 []    \OT1/pcr/m/n/10 fluent DISCHARGED = <plugOffToEmptyBattery, {chargeBatte
ry, plugIn}>[] 
 []


Overfull \hbox (24.2163pt too wide) in paragraph at lines 135--138
[]\OT1/ptm/m/n/10 Our model al-lows to check this prop-erty. Fail-ures are rep-
re-sented by flu-ent: 1.$\OML/cmm/m/it/10 DISCHARGED$ \OT1/ptm/m/n/10 2.$\OML/c
mm/m/it/10 PLUGGED$
 []


Overfull \hbox (7.31438pt too wide) in paragraph at lines 135--138
\OT1/ptm/m/n/10 3.$\OML/cmm/m/it/10 PINCHED$ \OT1/ptm/m/n/10 4.$\OML/cmm/m/it/1
0 MEDICINE[]ENDED$ \OT1/ptm/m/n/10 and we have prop-erty as-sert $\OML/cmm/m/it
/10 RESUMEDISPENCE$ \OT1/ptm/m/n/10 which
 []


Underfull \hbox (badness 10000) in paragraph at lines 135--138

 []

[2]
Overfull \hbox (9.24501pt too wide) in paragraph at lines 144--144
 []    \OT1/pcr/m/n/10 fluent DISCHARGED = <plugOffToEmptyBattery, {chargeBatte
ry, plugIn}>[] 
 []


Overfull \hbox (117.24501pt too wide) in paragraph at lines 144--144
 []    \OT1/pcr/m/n/10 fluent MEDICINE_ENDED[i:RangeLine] = <line[i].medicineEn
ded, line[i].refillAfterError>[] 
 []


Overfull \hbox (297.24501pt too wide) in paragraph at lines 144--144
 []    \OT1/pcr/m/n/10 assert RESUMEDISPENCE = [](exists[i:RangeLine](MEDICINE_
ENDED[i] || PINCHED[i] || PLUGGED[i] -> <>line[i].dispence))[] 
 []


Overfull \hbox (383.24501pt too wide) in paragraph at lines 192--192
 []\OT1/pcr/m/n/10 EVERYTHING = PUMP || line.1:LINE || line.2:LINE || line.1:AL
ARM || line.2:ALARM || BATTERY || line.1:SAFE_DISPENSE || line.2:SAFE_DISPENSE[
] 
 []

[3] [4]
("C:\Users\Иванов\Dropbox\Innopolis Fall\Models\GroupWork\Lab3\build\Proj
ect_3.aux") ) 
Here is how much of TeX's memory you used:
 317 strings out of 493673
 4454 string characters out of 3141510
 59455 words of memory out of 3000000
 3728 multiletter control sequences out of 15000+200000
 11632 words of font info for 26 fonts, out of 3000000 for 9000
 1025 hyphenation exceptions out of 8191
 23i,4n,17p,356b,379s stack positions out of 5000i,500n,10000p,200000b,50000s
{C:/Program Files (x86)/MiKTeX 2.9/fonts/enc/dvips/fontname/8r.enc
}<C:/Program Files (x86)/MiKTeX 2.9/fonts/type1/public/amsfonts/cm/cmmi10.pfb><
C:/Program Files (x86)/MiKTeX 2.9/fonts/type1/urw/courier/ucrr8a.pfb><C:/Progra
m Files (x86)/MiKTeX 2.9/fonts/type1/urw/times/utmb8a.pfb><C:/Program Files (x8
6)/MiKTeX 2.9/fonts/type1/urw/times/utmr8a.pfb>
Output written on "C:/Users/Иванов/Dropbox/Innopolis Fall/Models/GroupWor
k/Lab3/build/Project_3.pdf" (4 pages, 76560 bytes).
PDF statistics:
 32 PDF objects out of 1000 (max. 8388607)
 0 named destinations out of 1000 (max. 500000)
 1 words of extra memory for PDF output out of 10000 (max. 10000000)

